<?xml version="1.0" encoding="UTF-8"?>
<!-- Generated by org.testng.reporters.JUnitXMLReporter -->
<testsuite ignored="0" hostname="STL-LT-102" failures="1" tests="2" name="Error Validation Test" time="6.39" errors="0" timestamp="2025-03-24T14:09:45 IST">
  <testcase classname="rahulshettyacademy.tests.ErrorValidation" name="SubmitOrderError" time="0.847">
    <skipped/>
  </testcase> <!-- SubmitOrderError -->
  <testcase classname="rahulshettyacademy.tests.ErrorValidation" name="SubmitOrderError" time="0.326">
    <failure type="java.lang.AssertionError" message="expected [Incorrect email or password.] but found [Incorrect emailsss or password.]">
      <![CDATA[java.lang.AssertionError: expected [Incorrect email or password.] but found [Incorrect emailsss or password.]
at rahulshettyacademy.tests.ErrorValidation.SubmitOrderError(ErrorValidation.java:21)
at java.base/java.util.ArrayList.forEach(ArrayList.java:1597)
at java.base/java.util.concurrent.FutureTask.run(FutureTask.java:317)
at java.base/java.util.concurrent.ThreadPoolExecutor.runWorker(ThreadPoolExecutor.java:1144)
at java.base/java.util.concurrent.ThreadPoolExecutor$Worker.run(ThreadPoolExecutor.java:642)
at java.base/java.lang.Thread.run(Thread.java:1575)
... Removed 22 stack frames]]>
    </failure>
  </testcase> <!-- SubmitOrderError -->
</testsuite> <!-- Error Validation Test -->
