<?xml version="1.0" encoding="UTF-8"?>
<!-- Generated by org.testng.reporters.JUnitXMLReporter -->
<testsuite ignored="0" hostname="STL-LT-102" failures="0" tests="3" name="Submit Order Test" time="15.078" errors="0" timestamp="2025-03-24T14:09:54 IST">
  <testcase classname="rahulshettyacademy.tests.StandAloneNewTest" name="SubmitOrder" time="4.392"/>
  <testcase classname="rahulshettyacademy.tests.StandAloneNewTest" name="SubmitOrder" time="4.606"/>
  <testcase classname="rahulshettyacademy.tests.StandAloneNewTest" name="OrderHistoryTest" time="0.478"/>
</testsuite> <!-- Submit Order Test -->
