<?xml version="1.0" encoding="UTF-8"?>
<!-- Generated by org.testng.reporters.JUnitXMLReporter -->
<testsuite ignored="0" hostname="STL-LT-102" failures="0" tests="3" name="Submit Order Test" time="45.431" errors="0" timestamp="2025-03-27T12:52:57 IST">
  <testcase classname="rahulshettyacademy.tests.StandAloneNewTest" name="SubmitOrder" time="4.607"/>
  <testcase classname="rahulshettyacademy.tests.StandAloneNewTest" name="SubmitOrder" time="4.512"/>
  <testcase classname="rahulshettyacademy.tests.StandAloneNewTest" name="OrderHistoryTest" time="0.566"/>
</testsuite> <!-- Submit Order Test -->
